<?xml version="1.0" encoding="UTF-8"?>
<testng-results ignored="0" total="1" passed="1" failed="0" skipped="0">
  <reporter-output>
  </reporter-output>
  <suite started-at="2023-03-14T18:00:32 IST" name="Suite" finished-at="2023-03-14T18:00:35 IST" duration-ms="2597">
    <groups>
    </groups>
    <test started-at="2023-03-14T18:00:32 IST" name="Test" finished-at="2023-03-14T18:00:35 IST" duration-ms="2597">
      <class name="day3.Logges">
        <test-method signature="testHeaders()[pri:1, instance:day3.Logges@33afa13b]" started-at="2023-03-14T18:00:32 IST" name="testHeaders" finished-at="2023-03-14T18:00:35 IST" duration-ms="2563" status="PASS">
          <reporter-output>
          </reporter-output>
        </test-method> <!-- testHeaders -->
      </class> <!-- day3.Logges -->
    </test> <!-- Test -->
  </suite> <!-- Suite -->
</testng-results>
