<?xml version="1.0" encoding="UTF-8"?>
<testng-results ignored="0" total="2" passed="2" failed="0" skipped="0">
  <reporter-output>
  </reporter-output>
  <suite started-at="2023-03-16T14:35:38 IST" name="Suite" finished-at="2023-03-16T14:35:44 IST" duration-ms="5613">
    <groups>
    </groups>
    <test started-at="2023-03-16T14:35:38 IST" name="Test" finished-at="2023-03-16T14:35:44 IST" duration-ms="5613">
      <class name="uiautomation.UITest">
        <test-method is-config="true" signature="setup()[pri:0, instance:uiautomation.UITest@29626d54]" started-at="2023-03-16T14:35:38 IST" name="setup" finished-at="2023-03-16T14:35:40 IST" duration-ms="1979" status="PASS">
          <reporter-output>
          </reporter-output>
        </test-method> <!-- setup -->
        <test-method signature="test1()[pri:1, instance:uiautomation.UITest@29626d54]" started-at="2023-03-16T14:35:40 IST" name="test1" finished-at="2023-03-16T14:35:41 IST" duration-ms="904" status="PASS">
          <reporter-output>
          </reporter-output>
        </test-method> <!-- test1 -->
        <test-method is-config="true" signature="endtest()[pri:0, instance:uiautomation.UITest@29626d54]" started-at="2023-03-16T14:35:41 IST" name="endtest" finished-at="2023-03-16T14:35:41 IST" duration-ms="199" status="PASS">
          <reporter-output>
          </reporter-output>
        </test-method> <!-- endtest -->
        <test-method is-config="true" signature="setup()[pri:0, instance:uiautomation.UITest@29626d54]" started-at="2023-03-16T14:35:41 IST" name="setup" finished-at="2023-03-16T14:35:42 IST" duration-ms="1025" status="PASS">
          <reporter-output>
          </reporter-output>
        </test-method> <!-- setup -->
        <test-method signature="test2()[pri:2, instance:uiautomation.UITest@29626d54]" started-at="2023-03-16T14:35:42 IST" name="test2" finished-at="2023-03-16T14:35:44 IST" duration-ms="1252" status="PASS">
          <reporter-output>
          </reporter-output>
        </test-method> <!-- test2 -->
        <test-method is-config="true" signature="endtest()[pri:0, instance:uiautomation.UITest@29626d54]" started-at="2023-03-16T14:35:44 IST" name="endtest" finished-at="2023-03-16T14:35:44 IST" duration-ms="178" status="PASS">
          <reporter-output>
          </reporter-output>
        </test-method> <!-- endtest -->
      </class> <!-- uiautomation.UITest -->
    </test> <!-- Test -->
  </suite> <!-- Suite -->
</testng-results>
