<?xml version="1.0" encoding="UTF-8"?>
<!-- Generated by org.testng.reporters.JUnitXMLReporter -->
<testsuite ignored="0" hostname="DESKTOP-E2BNPS4" failures="2" tests="2" name="Test" time="5.121" errors="0" timestamp="2023-03-16T14:21:18 IST">
  <testcase classname="uiautomation.UITest" name="test1" time="0.514">
    <failure type="java.lang.AssertionError" message="expected [actualtitle] but found [expectedtitle]">
      <![CDATA[java.lang.AssertionError: expected [actualtitle] but found [expectedtitle]
at uiautomation.UITest.test1(UITest.java:50)
at java.base/java.util.ArrayList.forEach(ArrayList.java:1511)
... Removed 31 stack frames]]>
    </failure>
  </testcase> <!-- test1 -->
  <testcase classname="uiautomation.UITest" name="test2" time="1.313">
    <failure type="java.lang.AssertionError" message="expected [actualtitle] but found [expectedtitle]">
      <![CDATA[java.lang.AssertionError: expected [actualtitle] but found [expectedtitle]
at uiautomation.UITest.test2(UITest.java:65)
at java.base/java.util.ArrayList.forEach(ArrayList.java:1511)
... Removed 31 stack frames]]>
    </failure>
  </testcase> <!-- test2 -->
</testsuite> <!-- Test -->
