<?xml version="1.0" encoding="UTF-8"?>
<!-- Generated by org.testng.reporters.JUnitXMLReporter -->
<testsuite ignored="2" hostname="Ramu-Pulluri" failures="0" tests="2" name="Test" time="7.951" errors="0" timestamp="2025-04-08T17:30:51 IST">
  <testcase classname="headless.HeadlessBrowser" name="starttest" time="0.054"/>
  <testcase classname="Selenium.webdriver.basictests.LoginTest" name="Testing" time="3.321"/>
  <testcase classname="org.base.Baseclass" name="@AfterSuite afterSuite" time="0.0">
    <ignored/>
  </testcase> <!-- @AfterSuite afterSuite -->
  <testcase classname="org.base.Baseclass" name="@BeforeSuite startReporter" time="0.0">
    <ignored/>
  </testcase> <!-- @BeforeSuite startReporter -->
</testsuite> <!-- Test -->
