<?xml version="1.0" encoding="UTF-8"?>
<testng-results ignored="0" total="2" passed="2" failed="0" skipped="0">
  <reporter-output>
  </reporter-output>
  <suite started-at="2025-04-08T18:28:09 IST" name="Suite" finished-at="2025-04-08T18:28:19 IST" duration-ms="9432">
    <groups>
    </groups>
    <test started-at="2025-04-08T18:28:09 IST" name="Test" finished-at="2025-04-08T18:28:19 IST" duration-ms="9432">
      <class name="headless.HeadlessBrowser">
        <test-method is-config="true" signature="startReporter()[pri:0, instance:headless.HeadlessBrowser@49e53c76]" started-at="2025-04-08T18:28:09 IST" name="startReporter" finished-at="2025-04-08T18:28:09 IST" duration-ms="358" status="PASS">
          <reporter-output>
          </reporter-output>
        </test-method> <!-- startReporter -->
        <test-method is-config="true" signature="launchbrowser()[pri:0, instance:headless.HeadlessBrowser@49e53c76]" started-at="2025-04-08T18:28:09 IST" name="launchbrowser" finished-at="2025-04-08T18:28:13 IST" duration-ms="3763" status="PASS">
          <reporter-output>
          </reporter-output>
        </test-method> <!-- launchbrowser -->
        <test-method signature="starttest()[pri:0, instance:headless.HeadlessBrowser@49e53c76]" started-at="2025-04-08T18:28:13 IST" name="starttest" finished-at="2025-04-08T18:28:13 IST" duration-ms="76" status="PASS">
          <reporter-output>
          </reporter-output>
        </test-method> <!-- starttest -->
        <test-method is-config="true" signature="getResult(org.testng.ITestResult)[pri:0, instance:headless.HeadlessBrowser@49e53c76]" started-at="2025-04-08T18:28:13 IST" name="getResult" finished-at="2025-04-08T18:28:13 IST" duration-ms="173" status="PASS">
          <params>
            <param index="0">
              <value>
                <![CDATA[[TestResult name=starttest status=SUCCESS method=HeadlessBrowser.starttest()[pri:0, instance:headless.HeadlessBrowser@49e53c76] output={null}]]]>
              </value>
            </param>
          </params>
          <reporter-output>
          </reporter-output>
        </test-method> <!-- getResult -->
        <test-method is-config="true" signature="afterSuite()[pri:0, instance:headless.HeadlessBrowser@49e53c76]" started-at="2025-04-08T18:28:19 IST" name="afterSuite" finished-at="2025-04-08T18:28:20 IST" duration-ms="944" status="PASS">
          <reporter-output>
          </reporter-output>
        </test-method> <!-- afterSuite -->
      </class> <!-- headless.HeadlessBrowser -->
      <class name="Selenium.webdriver.basictests.LoginTest">
        <test-method is-config="true" signature="launchbrowser()[pri:0, instance:Selenium.webdriver.basictests.LoginTest@18078bef]" started-at="2025-04-08T18:28:13 IST" name="launchbrowser" finished-at="2025-04-08T18:28:15 IST" duration-ms="1819" status="PASS">
          <reporter-output>
          </reporter-output>
        </test-method> <!-- launchbrowser -->
        <test-method signature="Testing()[pri:0, instance:Selenium.webdriver.basictests.LoginTest@18078bef]" started-at="2025-04-08T18:28:15 IST" name="Testing" finished-at="2025-04-08T18:28:19 IST" duration-ms="3334" status="PASS">
          <reporter-output>
          </reporter-output>
        </test-method> <!-- Testing -->
        <test-method is-config="true" signature="getResult(org.testng.ITestResult)[pri:0, instance:Selenium.webdriver.basictests.LoginTest@18078bef]" started-at="2025-04-08T18:28:19 IST" name="getResult" finished-at="2025-04-08T18:28:19 IST" duration-ms="202" status="PASS">
          <params>
            <param index="0">
              <value>
                <![CDATA[[TestResult name=Testing status=SUCCESS method=LoginTest.Testing()[pri:0, instance:Selenium.webdriver.basictests.LoginTest@18078bef] output={null}]]]>
              </value>
            </param>
          </params>
          <reporter-output>
          </reporter-output>
        </test-method> <!-- getResult -->
      </class> <!-- Selenium.webdriver.basictests.LoginTest -->
    </test> <!-- Test -->
  </suite> <!-- Suite -->
</testng-results>
