<?xml version="1.0" encoding="UTF-8"?>
<testng-results ignored="0" total="2" passed="2" failed="0" skipped="0">
  <reporter-output>
  </reporter-output>
  <suite started-at="2025-04-08T17:30:43 IST" name="Suite" finished-at="2025-04-08T17:30:51 IST" duration-ms="7951">
    <groups>
    </groups>
    <test started-at="2025-04-08T17:30:43 IST" name="Test" finished-at="2025-04-08T17:30:51 IST" duration-ms="7951">
      <class name="headless.HeadlessBrowser">
        <test-method is-config="true" signature="startReporter()[pri:0, instance:headless.HeadlessBrowser@3f197a46]" started-at="2025-04-08T17:30:42 IST" name="startReporter" finished-at="2025-04-08T17:30:43 IST" duration-ms="250" status="PASS">
          <reporter-output>
          </reporter-output>
        </test-method> <!-- startReporter -->
        <test-method is-config="true" signature="launchbrowser()[pri:0, instance:headless.HeadlessBrowser@3f197a46]" started-at="2025-04-08T17:30:43 IST" name="launchbrowser" finished-at="2025-04-08T17:30:45 IST" duration-ms="2727" status="PASS">
          <reporter-output>
          </reporter-output>
        </test-method> <!-- launchbrowser -->
        <test-method signature="starttest()[pri:0, instance:headless.HeadlessBrowser@3f197a46]" started-at="2025-04-08T17:30:45 IST" name="starttest" finished-at="2025-04-08T17:30:45 IST" duration-ms="54" status="PASS">
          <reporter-output>
          </reporter-output>
        </test-method> <!-- starttest -->
        <test-method is-config="true" signature="getResult(org.testng.ITestResult)[pri:0, instance:headless.HeadlessBrowser@3f197a46]" started-at="2025-04-08T17:30:45 IST" name="getResult" finished-at="2025-04-08T17:30:46 IST" duration-ms="137" status="PASS">
          <params>
            <param index="0">
              <value>
                <![CDATA[[TestResult name=starttest status=SUCCESS method=HeadlessBrowser.starttest()[pri:0, instance:headless.HeadlessBrowser@3f197a46] output={null}]]]>
              </value>
            </param>
          </params>
          <reporter-output>
          </reporter-output>
        </test-method> <!-- getResult -->
        <test-method is-config="true" signature="afterSuite()[pri:0, instance:headless.HeadlessBrowser@3f197a46]" started-at="2025-04-08T17:30:51 IST" name="afterSuite" finished-at="2025-04-08T17:30:51 IST" duration-ms="745" status="PASS">
          <reporter-output>
          </reporter-output>
        </test-method> <!-- afterSuite -->
      </class> <!-- headless.HeadlessBrowser -->
      <class name="Selenium.webdriver.basictests.LoginTest">
        <test-method is-config="true" signature="launchbrowser()[pri:0, instance:Selenium.webdriver.basictests.LoginTest@50b472aa]" started-at="2025-04-08T17:30:46 IST" name="launchbrowser" finished-at="2025-04-08T17:30:47 IST" duration-ms="1542" status="PASS">
          <reporter-output>
          </reporter-output>
        </test-method> <!-- launchbrowser -->
        <test-method signature="Testing()[pri:0, instance:Selenium.webdriver.basictests.LoginTest@50b472aa]" started-at="2025-04-08T17:30:47 IST" name="Testing" finished-at="2025-04-08T17:30:50 IST" duration-ms="3321" status="PASS">
          <reporter-output>
          </reporter-output>
        </test-method> <!-- Testing -->
        <test-method is-config="true" signature="getResult(org.testng.ITestResult)[pri:0, instance:Selenium.webdriver.basictests.LoginTest@50b472aa]" started-at="2025-04-08T17:30:50 IST" name="getResult" finished-at="2025-04-08T17:30:51 IST" duration-ms="119" status="PASS">
          <params>
            <param index="0">
              <value>
                <![CDATA[[TestResult name=Testing status=SUCCESS method=LoginTest.Testing()[pri:0, instance:Selenium.webdriver.basictests.LoginTest@50b472aa] output={null}]]]>
              </value>
            </param>
          </params>
          <reporter-output>
          </reporter-output>
        </test-method> <!-- getResult -->
      </class> <!-- Selenium.webdriver.basictests.LoginTest -->
    </test> <!-- Test -->
  </suite> <!-- Suite -->
</testng-results>
