<?xml version="1.0" encoding="UTF-8"?>
<testng-results ignored="0" total="2" passed="2" failed="0" skipped="0">
  <reporter-output>
  </reporter-output>
  <suite started-at="2025-03-18T20:05:20 IST" name="Suite" finished-at="2025-03-18T20:05:29 IST" duration-ms="9190">
    <groups>
    </groups>
    <test started-at="2025-03-18T20:05:20 IST" name="Test" finished-at="2025-03-18T20:05:29 IST" duration-ms="9190">
      <class name="headless.HeadlessBrowser">
        <test-method signature="starttest()[pri:0, instance:headless.HeadlessBrowser@62379589]" started-at="2025-03-18T20:05:20 IST" name="starttest" finished-at="2025-03-18T20:05:24 IST" duration-ms="3763" status="PASS">
          <reporter-output>
          </reporter-output>
        </test-method> <!-- starttest -->
      </class> <!-- headless.HeadlessBrowser -->
      <class name="Selenium.webdriver.basictests.LoginTest">
        <test-method signature="Testing()[pri:0, instance:Selenium.webdriver.basictests.LoginTest@75d4a5c2]" started-at="2025-03-18T20:05:24 IST" name="Testing" finished-at="2025-03-18T20:05:29 IST" duration-ms="5363" status="PASS">
          <reporter-output>
          </reporter-output>
        </test-method> <!-- Testing -->
      </class> <!-- Selenium.webdriver.basictests.LoginTest -->
    </test> <!-- Test -->
  </suite> <!-- Suite -->
</testng-results>
