<?xml version="1.0" encoding="UTF-8"?>
<testng-results ignored="0" total="1" passed="1" failed="0" skipped="0">
  <reporter-output>
  </reporter-output>
  <suite started-at="2023-03-14T15:33:23 IST" name="Default suite" finished-at="2023-03-14T15:33:27 IST" duration-ms="3425">
    <groups>
    </groups>
    <test started-at="2023-03-14T15:33:23 IST" name="Default test" finished-at="2023-03-14T15:33:27 IST" duration-ms="3425">
      <class name="day3.Logges">
        <test-method signature="testHeaders()[pri:1, instance:day3.Logges@393671df]" started-at="2023-03-14T15:33:23 IST" name="testHeaders" finished-at="2023-03-14T15:33:27 IST" duration-ms="3381" status="PASS">
          <reporter-output>
          </reporter-output>
        </test-method> <!-- testHeaders -->
      </class> <!-- day3.Logges -->
    </test> <!-- Default test -->
  </suite> <!-- Default suite -->
</testng-results>
