<?xml version="1.0" encoding="UTF-8"?>
<testng-results ignored="0" total="1" passed="1" failed="0" skipped="0">
  <reporter-output>
  </reporter-output>
  <suite started-at="2023-03-06T23:08:18 IST" name="Default suite" finished-at="2023-03-06T23:08:19 IST" duration-ms="1276">
    <groups>
    </groups>
    <test started-at="2023-03-06T23:08:18 IST" name="Default test" finished-at="2023-03-06T23:08:19 IST" duration-ms="1276">
      <class name="day5.FileUpload">
        <test-method signature="getvalueFileUpload()[pri:0, instance:day5.FileUpload@393671df]" started-at="2023-03-06T23:08:18 IST" name="getvalueFileUpload" finished-at="2023-03-06T23:08:19 IST" duration-ms="1240" status="PASS">
          <reporter-output>
          </reporter-output>
        </test-method> <!-- getvalueFileUpload -->
      </class> <!-- day5.FileUpload -->
    </test> <!-- Default test -->
  </suite> <!-- Default suite -->
</testng-results>
